::1 - - [05/Jun/2026 07:31:36] "GET / HTTP/1.1" 200 -
::1 - - [05/Jun/2026 07:31:56] "GET / HTTP/1.1" 200 -
::1 - - [05/Jun/2026 07:31:56] "GET /styles.css HTTP/1.1" 200 -
::1 - - [05/Jun/2026 07:31:56] "GET /app.js HTTP/1.1" 200 -
::1 - - [05/Jun/2026 07:31:56] code 404, message File not found
::1 - - [05/Jun/2026 07:31:56] "GET /favicon.ico HTTP/1.1" 404 -
::1 - - [05/Jun/2026 07:41:07] "GET / HTTP/1.1" 200 -
::1 - - [05/Jun/2026 07:42:25] "GET / HTTP/1.1" 200 -
::1 - - [05/Jun/2026 07:42:25] "GET /styles.css HTTP/1.1" 200 -
::1 - - [05/Jun/2026 07:42:25] "GET /app.js HTTP/1.1" 200 -
::1 - - [05/Jun/2026 07:42:44] "GET / HTTP/1.1" 304 -
::1 - - [05/Jun/2026 07:42:44] "GET /styles.css HTTP/1.1" 304 -
::1 - - [05/Jun/2026 07:42:44] "GET /app.js HTTP/1.1" 304 -
::1 - - [05/Jun/2026 07:42:46] "GET / HTTP/1.1" 304 -
::1 - - [05/Jun/2026 07:42:47] "GET / HTTP/1.1" 304 -
::1 - - [05/Jun/2026 08:02:38] "GET / HTTP/1.1" 200 -
::1 - - [05/Jun/2026 08:03:07] "GET / HTTP/1.1" 200 -
::1 - - [05/Jun/2026 08:03:07] "GET /styles.css HTTP/1.1" 200 -
::1 - - [05/Jun/2026 08:03:07] "GET /app.js HTTP/1.1" 200 -
::1 - - [05/Jun/2026 08:11:40] "GET / HTTP/1.1" 200 -
::1 - - [05/Jun/2026 08:13:20] "GET / HTTP/1.1" 304 -
::1 - - [05/Jun/2026 08:13:20] "GET /styles.css HTTP/1.1" 304 -
::1 - - [05/Jun/2026 08:13:20] "GET /app.js HTTP/1.1" 200 -
::1 - - [05/Jun/2026 08:14:23] "GET / HTTP/1.1" 304 -
::1 - - [05/Jun/2026 08:14:23] "GET /app.js HTTP/1.1" 304 -
::1 - - [05/Jun/2026 08:46:48] "GET / HTTP/1.1" 200 -
::1 - - [05/Jun/2026 08:47:12] "GET / HTTP/1.1" 304 -
::1 - - [05/Jun/2026 08:47:12] "GET /app.js HTTP/1.1" 304 -
::1 - - [05/Jun/2026 08:47:12] "GET /styles.css HTTP/1.1" 200 -
::1 - - [05/Jun/2026 08:51:02] "GET / HTTP/1.1" 200 -
::1 - - [05/Jun/2026 08:51:14] "GET / HTTP/1.1" 200 -
::1 - - [05/Jun/2026 08:51:14] "GET /styles.css HTTP/1.1" 200 -
::1 - - [05/Jun/2026 08:51:14] "GET /app.js HTTP/1.1" 200 -
::1 - - [05/Jun/2026 08:51:29] "GET / HTTP/1.1" 304 -
::1 - - [05/Jun/2026 08:51:29] "GET /styles.css HTTP/1.1" 304 -
::1 - - [05/Jun/2026 08:51:29] "GET /app.js HTTP/1.1" 304 -
::1 - - [05/Jun/2026 08:53:35] "GET / HTTP/1.1" 200 -
::1 - - [05/Jun/2026 08:59:25] "GET / HTTP/1.1" 304 -
::1 - - [05/Jun/2026 08:59:25] "GET /styles.css HTTP/1.1" 304 -
::1 - - [05/Jun/2026 08:59:25] "GET /app.js HTTP/1.1" 304 -
::1 - - [05/Jun/2026 09:05:49] "GET / HTTP/1.1" 200 -
::1 - - [05/Jun/2026 09:06:23] "GET / HTTP/1.1" 200 -
::1 - - [05/Jun/2026 09:06:23] "GET /styles.css HTTP/1.1" 200 -
::1 - - [05/Jun/2026 09:06:23] "GET /app.js HTTP/1.1" 200 -
::1 - - [05/Jun/2026 09:19:22] "GET / HTTP/1.1" 200 -
::1 - - [05/Jun/2026 09:19:57] "GET / HTTP/1.1" 304 -
::1 - - [05/Jun/2026 09:19:57] "GET /styles.css HTTP/1.1" 304 -
::1 - - [05/Jun/2026 09:19:57] "GET /app.js HTTP/1.1" 200 -
::1 - - [05/Jun/2026 09:19:57] "GET / HTTP/1.1" 304 -
::1 - - [05/Jun/2026 09:30:25] "GET / HTTP/1.1" 304 -
::1 - - [05/Jun/2026 09:30:25] "GET /styles.css HTTP/1.1" 304 -
::1 - - [05/Jun/2026 09:30:25] "GET /app.js HTTP/1.1" 304 -
::1 - - [05/Jun/2026 09:31:43] "GET / HTTP/1.1" 304 -
::1 - - [05/Jun/2026 09:31:43] "GET /app.js HTTP/1.1" 304 -
::1 - - [05/Jun/2026 09:34:41] "GET / HTTP/1.1" 200 -
::1 - - [05/Jun/2026 09:35:00] "GET / HTTP/1.1" 304 -
::1 - - [05/Jun/2026 09:35:00] "GET /styles.css HTTP/1.1" 304 -
::1 - - [05/Jun/2026 09:35:00] "GET /app.js HTTP/1.1" 200 -
::1 - - [05/Jun/2026 09:37:57] "GET /styles.css HTTP/1.1" 304 -
::1 - - [05/Jun/2026 09:37:57] "GET /app.js HTTP/1.1" 304 -
::1 - - [05/Jun/2026 09:37:59] "GET / HTTP/1.1" 200 -
::1 - - [05/Jun/2026 09:37:59] "GET /styles.css HTTP/1.1" 200 -
::1 - - [05/Jun/2026 09:37:59] "GET /app.js HTTP/1.1" 200 -
::1 - - [05/Jun/2026 09:38:35] "GET / HTTP/1.1" 304 -
::1 - - [05/Jun/2026 09:38:35] "GET /app.js HTTP/1.1" 304 -
::1 - - [05/Jun/2026 09:38:40] "GET / HTTP/1.1" 304 -
::1 - - [05/Jun/2026 09:38:42] "GET / HTTP/1.1" 304 -
::1 - - [05/Jun/2026 09:38:42] "GET / HTTP/1.1" 304 -
::1 - - [05/Jun/2026 09:38:42] "GET / HTTP/1.1" 304 -
::1 - - [05/Jun/2026 09:38:42] "GET / HTTP/1.1" 304 -
::1 - - [05/Jun/2026 09:38:42] "GET / HTTP/1.1" 304 -
::1 - - [05/Jun/2026 09:38:44] "GET / HTTP/1.1" 304 -
::1 - - [05/Jun/2026 09:38:44] "GET / HTTP/1.1" 304 -
::1 - - [05/Jun/2026 09:38:44] "GET / HTTP/1.1" 304 -
::1 - - [05/Jun/2026 09:40:36] "GET / HTTP/1.1" 200 -
::1 - - [05/Jun/2026 09:40:55] "GET / HTTP/1.1" 304 -
::1 - - [05/Jun/2026 09:40:55] "GET /app.js HTTP/1.1" 200 -
::1 - - [05/Jun/2026 09:40:55] "GET / HTTP/1.1" 304 -
::1 - - [05/Jun/2026 09:41:04] "GET / HTTP/1.1" 304 -
::1 - - [05/Jun/2026 09:41:04] "GET /app.js HTTP/1.1" 304 -
::1 - - [05/Jun/2026 09:41:04] "GET / HTTP/1.1" 304 -
::1 - - [05/Jun/2026 09:41:05] "GET / HTTP/1.1" 304 -
::1 - - [05/Jun/2026 09:41:52] "GET / HTTP/1.1" 304 -
::1 - - [05/Jun/2026 09:41:52] "GET /app.js HTTP/1.1" 304 -
::1 - - [05/Jun/2026 09:41:52] "GET /styles.css HTTP/1.1" 304 -
::1 - - [05/Jun/2026 09:41:52] "GET / HTTP/1.1" 304 -
::1 - - [05/Jun/2026 09:48:23] "GET / HTTP/1.1" 304 -
::1 - - [05/Jun/2026 09:48:23] "GET /styles.css HTTP/1.1" 304 -
::1 - - [05/Jun/2026 09:48:23] "GET /app.js HTTP/1.1" 200 -
::1 - - [05/Jun/2026 09:52:03] "GET / HTTP/1.1" 304 -
::1 - - [05/Jun/2026 09:52:03] "GET /styles.css HTTP/1.1" 304 -
::1 - - [05/Jun/2026 09:52:03] "GET /app.js HTTP/1.1" 304 -
::1 - - [05/Jun/2026 10:42:28] "GET / HTTP/1.1" 304 -
::1 - - [05/Jun/2026 10:42:28] "GET /styles.css HTTP/1.1" 304 -
::1 - - [05/Jun/2026 10:42:28] "GET /app.js HTTP/1.1" 200 -
::1 - - [05/Jun/2026 10:42:56] "GET / HTTP/1.1" 304 -
::1 - - [05/Jun/2026 10:42:56] "GET /styles.css HTTP/1.1" 304 -
::1 - - [05/Jun/2026 10:42:56] "GET /app.js HTTP/1.1" 200 -
::1 - - [05/Jun/2026 10:43:09] "GET / HTTP/1.1" 304 -
::1 - - [05/Jun/2026 10:43:09] "GET /app.js HTTP/1.1" 304 -
::1 - - [05/Jun/2026 11:22:25] "GET / HTTP/1.1" 304 -
::1 - - [05/Jun/2026 11:22:25] "GET /styles.css HTTP/1.1" 304 -
::1 - - [05/Jun/2026 11:22:25] "GET /app.js HTTP/1.1" 304 -
